{"level":"info","msg":"GoMessageService Start","time":"2025-03-18T11:00:53+08:00"}
{"level":"info","msg":"加载定时任务","time":"2025-03-18T11:00:53+08:00"}
{"level":"info","msg":"GetCronList[]","time":"2025-03-18T11:00:53+08:00"}
{"level":"info","msg":"Attempting to connect to SMTP server: smtp.126.com:587\n","time":"2025-03-18T11:00:54+08:00"}
{"level":"info","msg":"Username: reschen@126.com\n","time":"2025-03-18T11:00:54+08:00"}
{"level":"info","msg":"Email sent successfully!","time":"2025-03-18T11:00:56+08:00"}
{"level":"info","msg":"GoMessageService Start","time":"2025-03-18T11:01:51+08:00"}
{"level":"info","msg":"加载定时任务","time":"2025-03-18T11:01:51+08:00"}
{"level":"info","msg":"GetCronList[]","time":"2025-03-18T11:01:51+08:00"}
{"level":"info","msg":"Attempting to connect to SMTP server: smtp.126.com:587\n","time":"2025-03-18T11:01:52+08:00"}
{"level":"info","msg":"Username: reschen@126.com\n","time":"2025-03-18T11:01:52+08:00"}
{"level":"info","msg":"Email sent successfully!","time":"2025-03-18T11:01:54+08:00"}
{"level":"info","msg":"GoMessageService Start","time":"2025-03-18T11:04:00+08:00"}
{"level":"info","msg":"加载定时任务","time":"2025-03-18T11:04:00+08:00"}
{"level":"info","msg":"GetCronList[]","time":"2025-03-18T11:04:00+08:00"}
{"level":"info","msg":"Attempting to connect to SMTP server: smtp.126.com:587\n","time":"2025-03-18T11:04:00+08:00"}
{"level":"info","msg":"Username: reschen@126.com\n","time":"2025-03-18T11:04:00+08:00"}
{"level":"info","msg":"Email sent successfully!","time":"2025-03-18T11:04:03+08:00"}
{"level":"info","msg":"GoMessageService Start","time":"2025-03-18T14:33:40+08:00"}
{"level":"info","msg":"加载定时任务","time":"2025-03-18T14:33:40+08:00"}
{"level":"info","msg":"GetCronList[]","time":"2025-03-18T14:33:40+08:00"}
{"level":"info","msg":"Attempting to connect to SMTP server: smtp.126.com:587\n","time":"2025-03-18T14:33:41+08:00"}
{"level":"info","msg":"Username: reschen@126.com\n","time":"2025-03-18T14:33:41+08:00"}
{"level":"info","msg":"Email sent successfully!","time":"2025-03-18T14:33:44+08:00"}
{"level":"info","msg":"GoMessageService Start","time":"2025-03-18T17:53:09+08:00"}
{"level":"info","msg":"加载定时任务","time":"2025-03-18T17:53:09+08:00"}
{"level":"info","msg":"GetCronList[]","time":"2025-03-18T17:53:09+08:00"}
{"level":"info","msg":"GoMessageService Start","time":"2025-03-19T09:18:12+08:00"}
{"level":"fatal","msg":"Failed to connect databaseunable to open database file: The system cannot find the path specified.","time":"2025-03-19T09:18:12+08:00"}
{"level":"info","msg":"GoMessageService Start","time":"2025-03-19T09:18:59+08:00"}
{"level":"info","msg":"加载定时任务","time":"2025-03-19T09:18:59+08:00"}
{"level":"info","msg":"GetCronList[]","time":"2025-03-19T09:18:59+08:00"}
{"level":"info","msg":"GoMessageService Start","time":"2025-03-19T09:24:12+08:00"}
{"level":"info","msg":"加载定时任务","time":"2025-03-19T09:24:12+08:00"}
{"level":"info","msg":"GetCronList[]","time":"2025-03-19T09:24:12+08:00"}
{"level":"error","msg":"Cron ID already exists1","time":"2025-03-19T09:24:24+08:00"}
{"level":"error","msg":"Cron ID already exists1","time":"2025-03-19T09:24:35+08:00"}
{"level":"error","msg":"Cron ID already exists1","time":"2025-03-19T09:25:03+08:00"}
{"level":"error","msg":"Cron ID already exists1","time":"2025-03-19T09:25:04+08:00"}
{"level":"error","msg":"Cron ID already exists1","time":"2025-03-19T09:25:05+08:00"}
{"level":"error","msg":"Cron ID already exists1","time":"2025-03-19T09:25:05+08:00"}
{"level":"error","msg":"Cron ID already exists1","time":"2025-03-19T09:25:05+08:00"}
{"level":"error","msg":"Cron ID already exists1","time":"2025-03-19T09:25:06+08:00"}
{"level":"error","msg":"Cron ID already exists1","time":"2025-03-19T09:26:08+08:00"}
{"level":"error","msg":"Cron ID already exists1","time":"2025-03-19T09:26:12+08:00"}
{"level":"error","msg":"Cron ID already exists1","time":"2025-03-19T09:26:17+08:00"}
{"level":"error","msg":"Cron ID already exists1","time":"2025-03-19T09:26:21+08:00"}
{"level":"error","msg":"Cron ID already exists1","time":"2025-03-19T09:26:23+08:00"}
{"level":"info","msg":"GoMessageService Start","time":"2025-03-19T09:27:32+08:00"}
{"level":"info","msg":"加载定时任务","time":"2025-03-19T09:27:32+08:00"}
{"level":"info","msg":"GetCronList[{1 1234567890 0/500 * * * * ? 1 这个是一个定时消息 test_dingding dingding true 0}]","time":"2025-03-19T09:27:32+08:00"}
{"level":"info","msg":"GoMessageService Start","time":"2025-03-19T09:27:57+08:00"}
{"level":"info","msg":"加载定时任务","time":"2025-03-19T09:27:57+08:00"}
{"level":"info","msg":"GetCronList[]","time":"2025-03-19T09:27:57+08:00"}
{"level":"info","msg":"GoMessageService Start","time":"2025-03-19T10:06:08+08:00"}
{"level":"info","msg":"加载定时任务","time":"2025-03-19T10:06:08+08:00"}
{"level":"info","msg":"GetCronList[]","time":"2025-03-19T10:06:08+08:00"}
{"level":"info","msg":"GoMessageService Start","time":"2025-03-19T12:21:39+08:00"}
{"level":"info","msg":"加载定时任务","time":"2025-03-19T12:21:39+08:00"}
{"level":"info","msg":"GetCronList[]","time":"2025-03-19T12:21:39+08:00"}
